Determining if the pthread_create exist failed with the following output:
Change Dir: /home/hayati/KGYS/objectTracker/cmake-build-debug/CMakeFiles/CMakeTmp

Run Build Command:"/usr/bin/make" "cmTC_7d710/fast"
make[1]: Entering directory `/home/hayati/KGYS/objectTracker/cmake-build-debug/CMakeFiles/CMakeTmp'
/usr/bin/make -f CMakeFiles/cmTC_7d710.dir/build.make CMakeFiles/cmTC_7d710.dir/build
make[2]: Entering directory `/home/hayati/KGYS/objectTracker/cmake-build-debug/CMakeFiles/CMakeTmp'
Building C object CMakeFiles/cmTC_7d710.dir/CheckSymbolExists.c.o
/usr/bin/cc   -fPIC    -o CMakeFiles/cmTC_7d710.dir/CheckSymbolExists.c.o   -c /home/hayati/KGYS/objectTracker/cmake-build-debug/CMakeFiles/CMakeTmp/CheckSymbolExists.c
Linking C executable cmTC_7d710
/home/hayati/Programs/clion-2017.2.1/bin/cmake/bin/cmake -E cmake_link_script CMakeFiles/cmTC_7d710.dir/link.txt --verbose=1
/usr/bin/cc -fPIC     CMakeFiles/cmTC_7d710.dir/CheckSymbolExists.c.o  -o cmTC_7d710 
CMakeFiles/cmTC_7d710.dir/CheckSymbolExists.c.o: In function `main':
CheckSymbolExists.c:(.text+0x1b): undefined reference to `pthread_create'
collect2: error: ld returned 1 exit status
make[2]: *** [cmTC_7d710] Error 1
make[2]: Leaving directory `/home/hayati/KGYS/objectTracker/cmake-build-debug/CMakeFiles/CMakeTmp'
make[1]: *** [cmTC_7d710/fast] Error 2
make[1]: Leaving directory `/home/hayati/KGYS/objectTracker/cmake-build-debug/CMakeFiles/CMakeTmp'

File /home/hayati/KGYS/objectTracker/cmake-build-debug/CMakeFiles/CMakeTmp/CheckSymbolExists.c:
/* */
#include <pthread.h>

int main(int argc, char** argv)
{
  (void)argv;
#ifndef pthread_create
  return ((int*)(&pthread_create))[argc];
#else
  (void)argc;
  return 0;
#endif
}

Determining if the function pthread_create exists in the pthreads failed with the following output:
Change Dir: /home/hayati/KGYS/objectTracker/cmake-build-debug/CMakeFiles/CMakeTmp

Run Build Command:"/usr/bin/make" "cmTC_0a2ee/fast"
make[1]: Entering directory `/home/hayati/KGYS/objectTracker/cmake-build-debug/CMakeFiles/CMakeTmp'
/usr/bin/make -f CMakeFiles/cmTC_0a2ee.dir/build.make CMakeFiles/cmTC_0a2ee.dir/build
make[2]: Entering directory `/home/hayati/KGYS/objectTracker/cmake-build-debug/CMakeFiles/CMakeTmp'
Building C object CMakeFiles/cmTC_0a2ee.dir/CheckFunctionExists.c.o
/usr/bin/cc   -fPIC -DCHECK_FUNCTION_EXISTS=pthread_create   -o CMakeFiles/cmTC_0a2ee.dir/CheckFunctionExists.c.o   -c /home/hayati/Programs/clion-2017.2.1/bin/cmake/share/cmake-3.8/Modules/CheckFunctionExists.c
Linking C executable cmTC_0a2ee
/home/hayati/Programs/clion-2017.2.1/bin/cmake/bin/cmake -E cmake_link_script CMakeFiles/cmTC_0a2ee.dir/link.txt --verbose=1
/usr/bin/cc -fPIC -DCHECK_FUNCTION_EXISTS=pthread_create    CMakeFiles/cmTC_0a2ee.dir/CheckFunctionExists.c.o  -o cmTC_0a2ee -lpthreads 
/usr/bin/ld: cannot find -lpthreads
collect2: error: ld returned 1 exit status
make[2]: *** [cmTC_0a2ee] Error 1
make[2]: Leaving directory `/home/hayati/KGYS/objectTracker/cmake-build-debug/CMakeFiles/CMakeTmp'
make[1]: *** [cmTC_0a2ee/fast] Error 2
make[1]: Leaving directory `/home/hayati/KGYS/objectTracker/cmake-build-debug/CMakeFiles/CMakeTmp'


